{"/media/michele/Data1/cardano/plu-ts/src/errors/BasePlutsError.ts": {"path":"/media/michele/Data1/cardano/plu-ts/src/errors/BasePlutsError.ts","statementMap":{"0":{"start":{"line":7,"column":8},"end":{"line":7,"column":21}}},"fnMap":{"0":{"name":"(anonymous_0)","decl":{"start":{"line":5,"column":4},"end":{"line":5,"column":5}},"loc":{"start":{"line":6,"column":4},"end":{"line":8,"column":5}},"line":6}},"branchMap":{},"s":{"0":3},"f":{"0":3},"b":{},"_coverageSchema":"1a1c01bbd47fc00a2c39e90264f33305004495a9","hash":"9aac35669ee811fba927fa37b8b9069a39d7bf70"}
,"/media/michele/Data1/cardano/plu-ts/src/errors/PlutsTypeError/index.ts": {"path":"/media/michele/Data1/cardano/plu-ts/src/errors/PlutsTypeError/index.ts","statementMap":{"0":{"start":{"line":7,"column":8},"end":{"line":7,"column":21}}},"fnMap":{"0":{"name":"(anonymous_0)","decl":{"start":{"line":5,"column":4},"end":{"line":5,"column":5}},"loc":{"start":{"line":6,"column":4},"end":{"line":8,"column":5}},"line":6}},"branchMap":{},"s":{"0":3},"f":{"0":3},"b":{},"_coverageSchema":"1a1c01bbd47fc00a2c39e90264f33305004495a9","hash":"c2207ec4b100d055d1757fc88d60b17d4379a185"}
,"/media/michele/Data1/cardano/plu-ts/src/errors/PlutsTypeError/UInt64Error/index.ts": {"path":"/media/michele/Data1/cardano/plu-ts/src/errors/PlutsTypeError/UInt64Error/index.ts","statementMap":{"0":{"start":{"line":7,"column":8},"end":{"line":7,"column":21}}},"fnMap":{"0":{"name":"(anonymous_0)","decl":{"start":{"line":5,"column":4},"end":{"line":5,"column":5}},"loc":{"start":{"line":6,"column":4},"end":{"line":8,"column":5}},"line":6}},"branchMap":{},"s":{"0":3},"f":{"0":3},"b":{},"_coverageSchema":"1a1c01bbd47fc00a2c39e90264f33305004495a9","hash":"973c8a0ceadf67837d508dc0ed54b3b85ebe6aa0"}
,"/media/michele/Data1/cardano/plu-ts/src/types/UInt64/index.ts": {"path":"/media/michele/Data1/cardano/plu-ts/src/types/UInt64/index.ts","statementMap":{"0":{"start":{"line":4,"column":27},"end":{"line":4,"column":94}},"1":{"start":{"line":13,"column":8},"end":{"line":13,"column":66}},"2":{"start":{"line":13,"column":41},"end":{"line":13,"column":66}},"3":{"start":{"line":16,"column":35},"end":{"line":16,"column":40}},"4":{"start":{"line":25,"column":8},"end":{"line":25,"column":38}},"5":{"start":{"line":30,"column":8},"end":{"line":30,"column":32}},"6":{"start":{"line":35,"column":8},"end":{"line":35,"column":42}},"7":{"start":{"line":37,"column":8},"end":{"line":37,"column":28}},"8":{"start":{"line":42,"column":8},"end":{"line":42,"column":51}},"9":{"start":{"line":44,"column":8},"end":{"line":44,"column":67}},"10":{"start":{"line":45,"column":8},"end":{"line":45,"column":74}},"11":{"start":{"line":50,"column":26},"end":{"line":50,"column":52}},"12":{"start":{"line":52,"column":25},"end":{"line":52,"column":72}},"13":{"start":{"line":54,"column":8},"end":{"line":121,"column":9}},"14":{"start":{"line":58,"column":12},"end":{"line":87,"column":13}},"15":{"start":{"line":60,"column":16},"end":{"line":60,"column":64}},"16":{"start":{"line":63,"column":33},"end":{"line":63,"column":62}},"17":{"start":{"line":65,"column":16},"end":{"line":82,"column":17}},"18":{"start":{"line":68,"column":20},"end":{"line":68,"column":52}},"19":{"start":{"line":70,"column":20},"end":{"line":77,"column":21}},"20":{"start":{"line":72,"column":24},"end":{"line":72,"column":90}},"21":{"start":{"line":76,"column":24},"end":{"line":76,"column":87}},"22":{"start":{"line":81,"column":20},"end":{"line":81,"column":63}},"23":{"start":{"line":86,"column":16},"end":{"line":86,"column":75}},"24":{"start":{"line":93,"column":12},"end":{"line":120,"column":13}},"25":{"start":{"line":96,"column":33},"end":{"line":96,"column":62}},"26":{"start":{"line":98,"column":16},"end":{"line":115,"column":17}},"27":{"start":{"line":102,"column":20},"end":{"line":110,"column":21}},"28":{"start":{"line":104,"column":24},"end":{"line":104,"column":91}},"29":{"start":{"line":108,"column":24},"end":{"line":108,"column":87}},"30":{"start":{"line":109,"column":24},"end":{"line":109,"column":66}},"31":{"start":{"line":114,"column":20},"end":{"line":114,"column":63}},"32":{"start":{"line":119,"column":16},"end":{"line":119,"column":75}},"33":{"start":{"line":123,"column":23},"end":{"line":125,"column":9}},"34":{"start":{"line":127,"column":8},"end":{"line":127,"column":62}},"35":{"start":{"line":129,"column":8},"end":{"line":129,"column":22}},"36":{"start":{"line":134,"column":8},"end":{"line":134,"column":50}},"37":{"start":{"line":136,"column":8},"end":{"line":140,"column":10}},"38":{"start":{"line":145,"column":31},"end":{"line":145,"column":36}},"39":{"start":{"line":147,"column":8},"end":{"line":151,"column":9}},"40":{"start":{"line":149,"column":12},"end":{"line":149,"column":36}},"41":{"start":{"line":150,"column":12},"end":{"line":150,"column":29}},"42":{"start":{"line":153,"column":23},"end":{"line":153,"column":42}},"43":{"start":{"line":155,"column":8},"end":{"line":158,"column":9}},"44":{"start":{"line":157,"column":12},"end":{"line":157,"column":38}},"45":{"start":{"line":160,"column":8},"end":{"line":171,"column":9}},"46":{"start":{"line":162,"column":12},"end":{"line":164,"column":25}},"47":{"start":{"line":168,"column":12},"end":{"line":170,"column":14}},"48":{"start":{"line":177,"column":8},"end":{"line":177,"column":61}},"49":{"start":{"line":182,"column":8},"end":{"line":182,"column":40}},"50":{"start":{"line":187,"column":8},"end":{"line":187,"column":27}},"51":{"start":{"line":192,"column":8},"end":{"line":202,"column":9}},"52":{"start":{"line":194,"column":12},"end":{"line":197,"column":13}},"53":{"start":{"line":201,"column":12},"end":{"line":201,"column":50}},"54":{"start":{"line":207,"column":8},"end":{"line":207,"column":42}},"55":{"start":{"line":212,"column":28},"end":{"line":212,"column":30}},"56":{"start":{"line":214,"column":23},"end":{"line":214,"column":33}},"57":{"start":{"line":215,"column":25},"end":{"line":215,"column":41}},"58":{"start":{"line":217,"column":8},"end":{"line":222,"column":9}},"59":{"start":{"line":219,"column":12},"end":{"line":219,"column":31}},"60":{"start":{"line":221,"column":12},"end":{"line":221,"column":55}},"61":{"start":{"line":224,"column":8},"end":{"line":224,"column":19}},"62":{"start":{"line":229,"column":8},"end":{"line":229,"column":45}},"63":{"start":{"line":234,"column":8},"end":{"line":234,"column":78}},"64":{"start":{"line":239,"column":8},"end":{"line":239,"column":45}},"65":{"start":{"line":244,"column":8},"end":{"line":244,"column":78}}},"fnMap":{"0":{"name":"(anonymous_0)","decl":{"start":{"line":11,"column":4},"end":{"line":11,"column":5}},"loc":{"start":{"line":12,"column":4},"end":{"line":14,"column":5}},"line":12},"1":{"name":"(anonymous_1)","decl":{"start":{"line":23,"column":4},"end":{"line":23,"column":5}},"loc":{"start":{"line":24,"column":4},"end":{"line":26,"column":5}},"line":24},"2":{"name":"(anonymous_2)","decl":{"start":{"line":28,"column":4},"end":{"line":28,"column":5}},"loc":{"start":{"line":29,"column":4},"end":{"line":31,"column":5}},"line":29},"3":{"name":"(anonymous_3)","decl":{"start":{"line":33,"column":4},"end":{"line":33,"column":5}},"loc":{"start":{"line":34,"column":4},"end":{"line":38,"column":5}},"line":34},"4":{"name":"(anonymous_4)","decl":{"start":{"line":40,"column":4},"end":{"line":40,"column":5}},"loc":{"start":{"line":41,"column":4},"end":{"line":46,"column":5}},"line":41},"5":{"name":"(anonymous_5)","decl":{"start":{"line":48,"column":4},"end":{"line":48,"column":5}},"loc":{"start":{"line":49,"column":4},"end":{"line":130,"column":5}},"line":49},"6":{"name":"(anonymous_6)","decl":{"start":{"line":132,"column":4},"end":{"line":132,"column":5}},"loc":{"start":{"line":133,"column":4},"end":{"line":141,"column":5}},"line":133},"7":{"name":"(anonymous_7)","decl":{"start":{"line":143,"column":4},"end":{"line":143,"column":5}},"loc":{"start":{"line":144,"column":4},"end":{"line":173,"column":5}},"line":144},"8":{"name":"(anonymous_8)","decl":{"start":{"line":175,"column":4},"end":{"line":175,"column":5}},"loc":{"start":{"line":176,"column":4},"end":{"line":178,"column":5}},"line":176},"9":{"name":"(anonymous_9)","decl":{"start":{"line":180,"column":4},"end":{"line":180,"column":5}},"loc":{"start":{"line":181,"column":4},"end":{"line":183,"column":5}},"line":181},"10":{"name":"(anonymous_10)","decl":{"start":{"line":185,"column":4},"end":{"line":185,"column":5}},"loc":{"start":{"line":186,"column":4},"end":{"line":188,"column":5}},"line":186},"11":{"name":"(anonymous_11)","decl":{"start":{"line":190,"column":4},"end":{"line":190,"column":5}},"loc":{"start":{"line":191,"column":4},"end":{"line":203,"column":5}},"line":191},"12":{"name":"(anonymous_12)","decl":{"start":{"line":205,"column":4},"end":{"line":205,"column":5}},"loc":{"start":{"line":206,"column":4},"end":{"line":208,"column":5}},"line":206},"13":{"name":"(anonymous_13)","decl":{"start":{"line":210,"column":4},"end":{"line":210,"column":5}},"loc":{"start":{"line":211,"column":4},"end":{"line":225,"column":5}},"line":211},"14":{"name":"(anonymous_14)","decl":{"start":{"line":227,"column":4},"end":{"line":227,"column":5}},"loc":{"start":{"line":228,"column":4},"end":{"line":230,"column":5}},"line":228},"15":{"name":"(anonymous_15)","decl":{"start":{"line":232,"column":4},"end":{"line":232,"column":5}},"loc":{"start":{"line":233,"column":4},"end":{"line":235,"column":5}},"line":233},"16":{"name":"(anonymous_16)","decl":{"start":{"line":237,"column":4},"end":{"line":237,"column":5}},"loc":{"start":{"line":238,"column":4},"end":{"line":240,"column":5}},"line":238},"17":{"name":"(anonymous_17)","decl":{"start":{"line":242,"column":4},"end":{"line":242,"column":5}},"loc":{"start":{"line":243,"column":4},"end":{"line":245,"column":5}},"line":243}},"branchMap":{"0":{"loc":{"start":{"line":11,"column":56},"end":{"line":11,"column":74}},"type":"default-arg","locations":[{"start":{"line":11,"column":73},"end":{"line":11,"column":74}}],"line":11},"1":{"loc":{"start":{"line":13,"column":8},"end":{"line":13,"column":66}},"type":"if","locations":[{"start":{"line":13,"column":8},"end":{"line":13,"column":66}},{"start":{},"end":{}}],"line":13},"2":{"loc":{"start":{"line":40,"column":35},"end":{"line":40,"column":53}},"type":"default-arg","locations":[{"start":{"line":40,"column":52},"end":{"line":40,"column":53}}],"line":40},"3":{"loc":{"start":{"line":54,"column":8},"end":{"line":121,"column":9}},"type":"if","locations":[{"start":{"line":54,"column":8},"end":{"line":121,"column":9}},{"start":{"line":90,"column":8},"end":{"line":121,"column":9}}],"line":54},"4":{"loc":{"start":{"line":58,"column":12},"end":{"line":87,"column":13}},"type":"if","locations":[{"start":{"line":58,"column":12},"end":{"line":87,"column":13}},{"start":{"line":85,"column":12},"end":{"line":87,"column":13}}],"line":58},"5":{"loc":{"start":{"line":65,"column":16},"end":{"line":82,"column":17}},"type":"if","locations":[{"start":{"line":65,"column":16},"end":{"line":82,"column":17}},{"start":{"line":80,"column":16},"end":{"line":82,"column":17}}],"line":65},"6":{"loc":{"start":{"line":70,"column":20},"end":{"line":77,"column":21}},"type":"if","locations":[{"start":{"line":70,"column":20},"end":{"line":77,"column":21}},{"start":{"line":75,"column":20},"end":{"line":77,"column":21}}],"line":70},"7":{"loc":{"start":{"line":93,"column":12},"end":{"line":120,"column":13}},"type":"if","locations":[{"start":{"line":93,"column":12},"end":{"line":120,"column":13}},{"start":{"line":118,"column":12},"end":{"line":120,"column":13}}],"line":93},"8":{"loc":{"start":{"line":98,"column":16},"end":{"line":115,"column":17}},"type":"if","locations":[{"start":{"line":98,"column":16},"end":{"line":115,"column":17}},{"start":{"line":113,"column":16},"end":{"line":115,"column":17}}],"line":98},"9":{"loc":{"start":{"line":102,"column":20},"end":{"line":110,"column":21}},"type":"if","locations":[{"start":{"line":102,"column":20},"end":{"line":110,"column":21}},{"start":{"line":107,"column":20},"end":{"line":110,"column":21}}],"line":102},"10":{"loc":{"start":{"line":132,"column":37},"end":{"line":132,"column":55}},"type":"default-arg","locations":[{"start":{"line":132,"column":54},"end":{"line":132,"column":55}}],"line":132},"11":{"loc":{"start":{"line":147,"column":8},"end":{"line":151,"column":9}},"type":"if","locations":[{"start":{"line":147,"column":8},"end":{"line":151,"column":9}},{"start":{},"end":{}}],"line":147},"12":{"loc":{"start":{"line":160,"column":8},"end":{"line":171,"column":9}},"type":"if","locations":[{"start":{"line":160,"column":8},"end":{"line":171,"column":9}},{"start":{"line":167,"column":8},"end":{"line":171,"column":9}}],"line":160},"13":{"loc":{"start":{"line":192,"column":8},"end":{"line":202,"column":9}},"type":"if","locations":[{"start":{"line":192,"column":8},"end":{"line":202,"column":9}},{"start":{"line":200,"column":8},"end":{"line":202,"column":9}}],"line":192},"14":{"loc":{"start":{"line":234,"column":15},"end":{"line":234,"column":77}},"type":"cond-expr","locations":[{"start":{"line":234,"column":33},"end":{"line":234,"column":58}},{"start":{"line":234,"column":61},"end":{"line":234,"column":77}}],"line":234},"15":{"loc":{"start":{"line":244,"column":15},"end":{"line":244,"column":77}},"type":"cond-expr","locations":[{"start":{"line":244,"column":33},"end":{"line":244,"column":58}},{"start":{"line":244,"column":61},"end":{"line":244,"column":77}}],"line":244}},"s":{"0":1,"1":7,"2":0,"3":5,"4":3,"5":8,"6":5,"7":5,"8":0,"9":0,"10":0,"11":4,"12":4,"13":4,"14":2,"15":2,"16":2,"17":2,"18":1,"19":1,"20":1,"21":0,"22":1,"23":0,"24":2,"25":2,"26":2,"27":1,"28":1,"29":0,"30":0,"31":1,"32":0,"33":2,"34":2,"35":2,"36":2,"37":2,"38":1,"39":1,"40":0,"41":0,"42":1,"43":1,"44":9,"45":1,"46":0,"47":1,"48":0,"49":0,"50":0,"51":2,"52":1,"53":1,"54":0,"55":0,"56":0,"57":0,"58":0,"59":0,"60":0,"61":0,"62":0,"63":0,"64":0,"65":0},"f":{"0":7,"1":3,"2":8,"3":5,"4":0,"5":4,"6":2,"7":1,"8":0,"9":0,"10":0,"11":2,"12":0,"13":0,"14":0,"15":0,"16":0,"17":0},"b":{"0":[5],"1":[0,7],"2":[0],"3":[2,2],"4":[2,0],"5":[1,1],"6":[1,0],"7":[2,0],"8":[1,1],"9":[1,0],"10":[2],"11":[0,1],"12":[0,1],"13":[1,1],"14":[0,0],"15":[0,0]},"_coverageSchema":"1a1c01bbd47fc00a2c39e90264f33305004495a9","hash":"e99084fb944a1f132571b209326e2cfaf85e25c7"}
,"/media/michele/Data1/cardano/plu-ts/src/utils/JsRuntime/index.ts": {"path":"/media/michele/Data1/cardano/plu-ts/src/utils/JsRuntime/index.ts","statementMap":{"0":{"start":{"line":15,"column":8},"end":{"line":15,"column":31}},"1":{"start":{"line":15,"column":24},"end":{"line":15,"column":31}},"2":{"start":{"line":18,"column":8},"end":{"line":18,"column":50}},"3":{"start":{"line":19,"column":8},"end":{"line":19,"column":32}},"4":{"start":{"line":21,"column":8},"end":{"line":24,"column":9}},"5":{"start":{"line":23,"column":12},"end":{"line":23,"column":30}},"6":{"start":{"line":26,"column":8},"end":{"line":26,"column":55}},"7":{"start":{"line":31,"column":8},"end":{"line":33,"column":62}},"8":{"start":{"line":37,"column":8},"end":{"line":71,"column":10}},"9":{"start":{"line":41,"column":16},"end":{"line":44,"column":17}},"10":{"start":{"line":43,"column":20},"end":{"line":43,"column":85}},"11":{"start":{"line":45,"column":16},"end":{"line":45,"column":67}},"12":{"start":{"line":50,"column":16},"end":{"line":53,"column":17}},"13":{"start":{"line":52,"column":20},"end":{"line":52,"column":82}},"14":{"start":{"line":54,"column":16},"end":{"line":54,"column":75}},"15":{"start":{"line":59,"column":16},"end":{"line":62,"column":17}},"16":{"start":{"line":61,"column":20},"end":{"line":61,"column":33}},"17":{"start":{"line":63,"column":16},"end":{"line":63,"column":67}},"18":{"start":{"line":67,"column":16},"end":{"line":69,"column":80}},"19":{"start":{"line":69,"column":34},"end":{"line":69,"column":77}},"20":{"start":{"line":77,"column":37},"end":{"line":80,"column":9}},"21":{"start":{"line":79,"column":44},"end":{"line":79,"column":60}},"22":{"start":{"line":81,"column":8},"end":{"line":81,"column":85}},"23":{"start":{"line":83,"column":8},"end":{"line":99,"column":11}},"24":{"start":{"line":87,"column":28},"end":{"line":87,"column":75}},"25":{"start":{"line":91,"column":16},"end":{"line":91,"column":67}},"26":{"start":{"line":95,"column":16},"end":{"line":95,"column":53}},"27":{"start":{"line":96,"column":16},"end":{"line":96,"column":57}},"28":{"start":{"line":101,"column":8},"end":{"line":101,"column":58}}},"fnMap":{"0":{"name":"(anonymous_0)","decl":{"start":{"line":11,"column":4},"end":{"line":11,"column":5}},"loc":{"start":{"line":11,"column":27},"end":{"line":11,"column":29}},"line":11},"1":{"name":"(anonymous_1)","decl":{"start":{"line":13,"column":4},"end":{"line":13,"column":5}},"loc":{"start":{"line":14,"column":4},"end":{"line":27,"column":5}},"line":14},"2":{"name":"(anonymous_2)","decl":{"start":{"line":29,"column":4},"end":{"line":29,"column":5}},"loc":{"start":{"line":30,"column":4},"end":{"line":34,"column":5}},"line":30},"3":{"name":"(anonymous_3)","decl":{"start":{"line":36,"column":4},"end":{"line":36,"column":5}},"loc":{"start":{"line":36,"column":72},"end":{"line":72,"column":5}},"line":36},"4":{"name":"(anonymous_4)","decl":{"start":{"line":39,"column":17},"end":{"line":39,"column":18}},"loc":{"start":{"line":40,"column":12},"end":{"line":46,"column":13}},"line":40},"5":{"name":"(anonymous_5)","decl":{"start":{"line":48,"column":17},"end":{"line":48,"column":18}},"loc":{"start":{"line":49,"column":12},"end":{"line":55,"column":13}},"line":49},"6":{"name":"(anonymous_6)","decl":{"start":{"line":57,"column":17},"end":{"line":57,"column":18}},"loc":{"start":{"line":58,"column":12},"end":{"line":64,"column":13}},"line":58},"7":{"name":"(anonymous_7)","decl":{"start":{"line":66,"column":21},"end":{"line":66,"column":22}},"loc":{"start":{"line":66,"column":39},"end":{"line":70,"column":13}},"line":66},"8":{"name":"(anonymous_8)","decl":{"start":{"line":69,"column":29},"end":{"line":69,"column":30}},"loc":{"start":{"line":69,"column":34},"end":{"line":69,"column":77}},"line":69},"9":{"name":"(anonymous_9)","decl":{"start":{"line":74,"column":4},"end":{"line":74,"column":5}},"loc":{"start":{"line":76,"column":4},"end":{"line":102,"column":5}},"line":76},"10":{"name":"(anonymous_10)","decl":{"start":{"line":79,"column":12},"end":{"line":79,"column":13}},"loc":{"start":{"line":79,"column":42},"end":{"line":79,"column":62}},"line":79},"11":{"name":"(anonymous_11)","decl":{"start":{"line":85,"column":23},"end":{"line":85,"column":24}},"loc":{"start":{"line":85,"column":46},"end":{"line":92,"column":13}},"line":85},"12":{"name":"(anonymous_12)","decl":{"start":{"line":94,"column":19},"end":{"line":94,"column":20}},"loc":{"start":{"line":94,"column":52},"end":{"line":97,"column":13}},"line":94}},"branchMap":{"0":{"loc":{"start":{"line":15,"column":8},"end":{"line":15,"column":31}},"type":"if","locations":[{"start":{"line":15,"column":8},"end":{"line":15,"column":31}},{"start":{},"end":{}}],"line":15},"1":{"loc":{"start":{"line":18,"column":8},"end":{"line":18,"column":49}},"type":"binary-expr","locations":[{"start":{"line":18,"column":8},"end":{"line":18,"column":23}},{"start":{"line":18,"column":27},"end":{"line":18,"column":49}}],"line":18},"2":{"loc":{"start":{"line":21,"column":8},"end":{"line":24,"column":9}},"type":"if","locations":[{"start":{"line":21,"column":8},"end":{"line":24,"column":9}},{"start":{},"end":{}}],"line":21},"3":{"loc":{"start":{"line":41,"column":16},"end":{"line":44,"column":17}},"type":"if","locations":[{"start":{"line":41,"column":16},"end":{"line":44,"column":17}},{"start":{},"end":{}}],"line":41},"4":{"loc":{"start":{"line":41,"column":19},"end":{"line":41,"column":75}},"type":"binary-expr","locations":[{"start":{"line":41,"column":19},"end":{"line":41,"column":47}},{"start":{"line":41,"column":51},"end":{"line":41,"column":75}}],"line":41},"5":{"loc":{"start":{"line":50,"column":16},"end":{"line":53,"column":17}},"type":"if","locations":[{"start":{"line":50,"column":16},"end":{"line":53,"column":17}},{"start":{},"end":{}}],"line":50},"6":{"loc":{"start":{"line":50,"column":19},"end":{"line":50,"column":75}},"type":"binary-expr","locations":[{"start":{"line":50,"column":19},"end":{"line":50,"column":47}},{"start":{"line":50,"column":51},"end":{"line":50,"column":75}}],"line":50},"7":{"loc":{"start":{"line":59,"column":16},"end":{"line":62,"column":17}},"type":"if","locations":[{"start":{"line":59,"column":16},"end":{"line":62,"column":17}},{"start":{},"end":{}}],"line":59},"8":{"loc":{"start":{"line":59,"column":19},"end":{"line":59,"column":75}},"type":"binary-expr","locations":[{"start":{"line":59,"column":19},"end":{"line":59,"column":47}},{"start":{"line":59,"column":51},"end":{"line":59,"column":75}}],"line":59},"9":{"loc":{"start":{"line":69,"column":34},"end":{"line":69,"column":77}},"type":"binary-expr","locations":[{"start":{"line":69,"column":34},"end":{"line":69,"column":55}},{"start":{"line":69,"column":59},"end":{"line":69,"column":77}}],"line":69}},"s":{"0":0,"1":0,"2":0,"3":0,"4":0,"5":0,"6":0,"7":0,"8":3,"9":0,"10":0,"11":0,"12":0,"13":0,"14":0,"15":0,"16":0,"17":0,"18":4,"19":12,"20":0,"21":0,"22":0,"23":0,"24":0,"25":0,"26":0,"27":0,"28":0},"f":{"0":0,"1":0,"2":0,"3":3,"4":0,"5":0,"6":0,"7":4,"8":12,"9":0,"10":0,"11":0,"12":0},"b":{"0":[0,0],"1":[0,0],"2":[0,0],"3":[0,0],"4":[0,0],"5":[0,0],"6":[0,0],"7":[0,0],"8":[0,0],"9":[12,12]},"_coverageSchema":"1a1c01bbd47fc00a2c39e90264f33305004495a9","hash":"7815d679ef1c99ed5ba57efaf43f0d4383fd7d19"}
,"/media/michele/Data1/cardano/plu-ts/src/utils/ObjectUtils/index.ts": {"path":"/media/michele/Data1/cardano/plu-ts/src/utils/ObjectUtils/index.ts","statementMap":{"0":{"start":{"line":17,"column":8},"end":{"line":17,"column":37}},"1":{"start":{"line":22,"column":8},"end":{"line":27,"column":9}},"2":{"start":{"line":32,"column":21},"end":{"line":32,"column":39}},"3":{"start":{"line":33,"column":8},"end":{"line":36,"column":10}},"4":{"start":{"line":41,"column":8},"end":{"line":41,"column":49}},"5":{"start":{"line":46,"column":22},"end":{"line":46,"column":40}},"6":{"start":{"line":48,"column":8},"end":{"line":51,"column":9}},"7":{"start":{"line":48,"column":21},"end":{"line":48,"column":22}},"8":{"start":{"line":50,"column":12},"end":{"line":50,"column":58}},"9":{"start":{"line":50,"column":45},"end":{"line":50,"column":58}},"10":{"start":{"line":53,"column":8},"end":{"line":53,"column":19}},"11":{"start":{"line":58,"column":8},"end":{"line":62,"column":10}},"12":{"start":{"line":68,"column":21},"end":{"line":68,"column":39}},"13":{"start":{"line":70,"column":8},"end":{"line":99,"column":9}},"14":{"start":{"line":70,"column":21},"end":{"line":70,"column":22}},"15":{"start":{"line":72,"column":26},"end":{"line":72,"column":49}},"16":{"start":{"line":74,"column":12},"end":{"line":98,"column":13}},"17":{"start":{"line":80,"column":14},"end":{"line":80,"column":23}},"18":{"start":{"line":83,"column":16},"end":{"line":97,"column":68}},"19":{"start":{"line":85,"column":20},"end":{"line":90,"column":21}},"20":{"start":{"line":85,"column":33},"end":{"line":85,"column":34}},"21":{"start":{"line":89,"column":24},"end":{"line":89,"column":83}},"22":{"start":{"line":89,"column":70},"end":{"line":89,"column":83}},"23":{"start":{"line":92,"column":21},"end":{"line":97,"column":68}},"24":{"start":{"line":94,"column":20},"end":{"line":95,"column":38}},"25":{"start":{"line":94,"column":63},"end":{"line":94,"column":72}},"26":{"start":{"line":95,"column":25},"end":{"line":95,"column":38}},"27":{"start":{"line":97,"column":21},"end":{"line":97,"column":68}},"28":{"start":{"line":97,"column":55},"end":{"line":97,"column":68}},"29":{"start":{"line":101,"column":8},"end":{"line":101,"column":20}},"30":{"start":{"line":106,"column":8},"end":{"line":109,"column":9}},"31":{"start":{"line":108,"column":12},"end":{"line":108,"column":25}},"32":{"start":{"line":119,"column":8},"end":{"line":122,"column":9}},"33":{"start":{"line":121,"column":12},"end":{"line":121,"column":24}},"34":{"start":{"line":124,"column":8},"end":{"line":147,"column":47}},"35":{"start":{"line":126,"column":12},"end":{"line":145,"column":13}},"36":{"start":{"line":128,"column":16},"end":{"line":128,"column":57}},"37":{"start":{"line":128,"column":44},"end":{"line":128,"column":57}},"38":{"start":{"line":130,"column":16},"end":{"line":138,"column":17}},"39":{"start":{"line":130,"column":28},"end":{"line":130,"column":29}},"40":{"start":{"line":132,"column":20},"end":{"line":137,"column":21}},"41":{"start":{"line":136,"column":24},"end":{"line":136,"column":37}},"42":{"start":{"line":140,"column":16},"end":{"line":140,"column":28}},"43":{"start":{"line":144,"column":16},"end":{"line":144,"column":29}},"44":{"start":{"line":147,"column":13},"end":{"line":147,"column":47}},"45":{"start":{"line":147,"column":34},"end":{"line":147,"column":47}},"46":{"start":{"line":150,"column":8},"end":{"line":196,"column":9}},"47":{"start":{"line":152,"column":26},"end":{"line":152,"column":40}},"48":{"start":{"line":153,"column":26},"end":{"line":153,"column":40}},"49":{"start":{"line":155,"column":12},"end":{"line":158,"column":13}},"50":{"start":{"line":157,"column":16},"end":{"line":157,"column":29}},"51":{"start":{"line":161,"column":12},"end":{"line":164,"column":13}},"52":{"start":{"line":163,"column":16},"end":{"line":163,"column":28}},"53":{"start":{"line":166,"column":12},"end":{"line":195,"column":13}},"54":{"start":{"line":166,"column":25},"end":{"line":166,"column":26}},"55":{"start":{"line":168,"column":34},"end":{"line":168,"column":39}},"56":{"start":{"line":170,"column":16},"end":{"line":177,"column":17}},"57":{"start":{"line":170,"column":28},"end":{"line":170,"column":29}},"58":{"start":{"line":172,"column":20},"end":{"line":176,"column":21}},"59":{"start":{"line":174,"column":24},"end":{"line":174,"column":43}},"60":{"start":{"line":175,"column":24},"end":{"line":175,"column":30}},"61":{"start":{"line":179,"column":16},"end":{"line":194,"column":17}},"62":{"start":{"line":181,"column":20},"end":{"line":189,"column":38}},"63":{"start":{"line":183,"column":24},"end":{"line":186,"column":25}},"64":{"start":{"line":185,"column":28},"end":{"line":185,"column":40}},"65":{"start":{"line":187,"column":24},"end":{"line":187,"column":33}},"66":{"start":{"line":189,"column":25},"end":{"line":189,"column":38}},"67":{"start":{"line":193,"column":20},"end":{"line":193,"column":33}},"68":{"start":{"line":198,"column":8},"end":{"line":198,"column":21}},"69":{"start":{"line":206,"column":8},"end":{"line":206,"column":64}},"70":{"start":{"line":206,"column":40},"end":{"line":206,"column":64}},"71":{"start":{"line":208,"column":8},"end":{"line":230,"column":9}},"72":{"start":{"line":210,"column":12},"end":{"line":220,"column":13}},"73":{"start":{"line":212,"column":16},"end":{"line":212,"column":26}},"74":{"start":{"line":214,"column":16},"end":{"line":217,"column":17}},"75":{"start":{"line":214,"column":29},"end":{"line":214,"column":30}},"76":{"start":{"line":216,"column":20},"end":{"line":216,"column":61}},"77":{"start":{"line":219,"column":16},"end":{"line":219,"column":29}},"78":{"start":{"line":222,"column":28},"end":{"line":222,"column":56}},"79":{"start":{"line":224,"column":12},"end":{"line":227,"column":13}},"80":{"start":{"line":224,"column":25},"end":{"line":224,"column":26}},"81":{"start":{"line":226,"column":16},"end":{"line":226,"column":90}},"82":{"start":{"line":229,"column":12},"end":{"line":229,"column":25}},"83":{"start":{"line":235,"column":8},"end":{"line":235,"column":19}},"84":{"start":{"line":238,"column":34},"end":{"line":238,"column":39}},"85":{"start":{"line":239,"column":34},"end":{"line":239,"column":39}},"86":{"start":{"line":240,"column":34},"end":{"line":240,"column":39}},"87":{"start":{"line":270,"column":8},"end":{"line":278,"column":9}},"88":{"start":{"line":283,"column":8},"end":{"line":285,"column":9}},"89":{"start":{"line":290,"column":8},"end":{"line":292,"column":9}},"90":{"start":{"line":297,"column":8},"end":{"line":299,"column":9}},"91":{"start":{"line":304,"column":8},"end":{"line":306,"column":9}},"92":{"start":{"line":311,"column":8},"end":{"line":313,"column":9}},"93":{"start":{"line":318,"column":8},"end":{"line":320,"column":9}},"94":{"start":{"line":325,"column":8},"end":{"line":327,"column":9}},"95":{"start":{"line":332,"column":8},"end":{"line":334,"column":9}},"96":{"start":{"line":340,"column":19},"end":{"line":340,"column":23}},"97":{"start":{"line":343,"column":4},"end":{"line":346,"column":5}},"98":{"start":{"line":345,"column":8},"end":{"line":345,"column":37}},"99":{"start":{"line":349,"column":15},"end":{"line":349,"column":69}},"100":{"start":{"line":349,"column":28},"end":{"line":349,"column":67}},"101":{"start":{"line":351,"column":4},"end":{"line":354,"column":5}},"102":{"start":{"line":353,"column":8},"end":{"line":353,"column":30}},"103":{"start":{"line":357,"column":4},"end":{"line":357,"column":26}},"104":{"start":{"line":359,"column":4},"end":{"line":359,"column":33}},"105":{"start":{"line":361,"column":4},"end":{"line":361,"column":16}}},"fnMap":{"0":{"name":"(anonymous_0)","decl":{"start":{"line":13,"column":4},"end":{"line":13,"column":5}},"loc":{"start":{"line":13,"column":27},"end":{"line":13,"column":29}},"line":13},"1":{"name":"(anonymous_1)","decl":{"start":{"line":15,"column":4},"end":{"line":15,"column":5}},"loc":{"start":{"line":16,"column":4},"end":{"line":18,"column":5}},"line":16},"2":{"name":"(anonymous_2)","decl":{"start":{"line":20,"column":4},"end":{"line":20,"column":5}},"loc":{"start":{"line":21,"column":4},"end":{"line":28,"column":5}},"line":21},"3":{"name":"(anonymous_3)","decl":{"start":{"line":30,"column":4},"end":{"line":30,"column":5}},"loc":{"start":{"line":31,"column":4},"end":{"line":37,"column":5}},"line":31},"4":{"name":"(anonymous_4)","decl":{"start":{"line":39,"column":4},"end":{"line":39,"column":5}},"loc":{"start":{"line":40,"column":4},"end":{"line":42,"column":5}},"line":40},"5":{"name":"(anonymous_5)","decl":{"start":{"line":44,"column":4},"end":{"line":44,"column":5}},"loc":{"start":{"line":45,"column":4},"end":{"line":54,"column":5}},"line":45},"6":{"name":"(anonymous_6)","decl":{"start":{"line":56,"column":4},"end":{"line":56,"column":5}},"loc":{"start":{"line":57,"column":4},"end":{"line":63,"column":5}},"line":57},"7":{"name":"(anonymous_7)","decl":{"start":{"line":66,"column":4},"end":{"line":66,"column":5}},"loc":{"start":{"line":67,"column":4},"end":{"line":102,"column":5}},"line":67},"8":{"name":"(anonymous_8)","decl":{"start":{"line":104,"column":4},"end":{"line":104,"column":5}},"loc":{"start":{"line":105,"column":4},"end":{"line":199,"column":5}},"line":105},"9":{"name":"(anonymous_9)","decl":{"start":{"line":201,"column":4},"end":{"line":201,"column":5}},"loc":{"start":{"line":202,"column":4},"end":{"line":236,"column":5}},"line":202},"10":{"name":"(anonymous_10)","decl":{"start":{"line":268,"column":4},"end":{"line":268,"column":5}},"loc":{"start":{"line":269,"column":4},"end":{"line":279,"column":5}},"line":269},"11":{"name":"(anonymous_11)","decl":{"start":{"line":281,"column":4},"end":{"line":281,"column":5}},"loc":{"start":{"line":282,"column":4},"end":{"line":286,"column":5}},"line":282},"12":{"name":"(anonymous_12)","decl":{"start":{"line":288,"column":4},"end":{"line":288,"column":5}},"loc":{"start":{"line":289,"column":4},"end":{"line":293,"column":5}},"line":289},"13":{"name":"(anonymous_13)","decl":{"start":{"line":295,"column":4},"end":{"line":295,"column":5}},"loc":{"start":{"line":296,"column":4},"end":{"line":300,"column":5}},"line":296},"14":{"name":"(anonymous_14)","decl":{"start":{"line":302,"column":4},"end":{"line":302,"column":5}},"loc":{"start":{"line":303,"column":4},"end":{"line":307,"column":5}},"line":303},"15":{"name":"(anonymous_15)","decl":{"start":{"line":309,"column":4},"end":{"line":309,"column":5}},"loc":{"start":{"line":310,"column":4},"end":{"line":314,"column":5}},"line":310},"16":{"name":"(anonymous_16)","decl":{"start":{"line":316,"column":4},"end":{"line":316,"column":5}},"loc":{"start":{"line":317,"column":4},"end":{"line":321,"column":5}},"line":317},"17":{"name":"(anonymous_17)","decl":{"start":{"line":323,"column":4},"end":{"line":323,"column":5}},"loc":{"start":{"line":324,"column":4},"end":{"line":328,"column":5}},"line":324},"18":{"name":"(anonymous_18)","decl":{"start":{"line":330,"column":4},"end":{"line":330,"column":5}},"loc":{"start":{"line":331,"column":4},"end":{"line":335,"column":5}},"line":331},"19":{"name":"cloneFunc","decl":{"start":{"line":338,"column":9},"end":{"line":338,"column":18}},"loc":{"start":{"line":339,"column":0},"end":{"line":362,"column":1}},"line":339},"20":{"name":"(anonymous_20)","decl":{"start":{"line":349,"column":15},"end":{"line":349,"column":16}},"loc":{"start":{"line":349,"column":26},"end":{"line":349,"column":69}},"line":349}},"branchMap":{"0":{"loc":{"start":{"line":23,"column":12},"end":{"line":26,"column":29}},"type":"binary-expr","locations":[{"start":{"line":23,"column":12},"end":{"line":23,"column":35}},{"start":{"line":24,"column":12},"end":{"line":24,"column":41}},{"start":{"line":25,"column":12},"end":{"line":25,"column":24}},{"start":{"line":26,"column":12},"end":{"line":26,"column":29}}],"line":23},"1":{"loc":{"start":{"line":30,"column":38},"end":{"line":30,"column":75}},"type":"default-arg","locations":[{"start":{"line":30,"column":66},"end":{"line":30,"column":75}}],"line":30},"2":{"loc":{"start":{"line":34,"column":12},"end":{"line":35,"column":67}},"type":"binary-expr","locations":[{"start":{"line":34,"column":12},"end":{"line":34,"column":29}},{"start":{"line":35,"column":14},"end":{"line":35,"column":65}}],"line":34},"3":{"loc":{"start":{"line":35,"column":14},"end":{"line":35,"column":65}},"type":"cond-expr","locations":[{"start":{"line":35,"column":43},"end":{"line":35,"column":58}},{"start":{"line":35,"column":61},"end":{"line":35,"column":65}}],"line":35},"4":{"loc":{"start":{"line":50,"column":12},"end":{"line":50,"column":58}},"type":"if","locations":[{"start":{"line":50,"column":12},"end":{"line":50,"column":58}},{"start":{},"end":{}}],"line":50},"5":{"loc":{"start":{"line":59,"column":12},"end":{"line":61,"column":52}},"type":"binary-expr","locations":[{"start":{"line":59,"column":12},"end":{"line":59,"column":43}},{"start":{"line":60,"column":12},"end":{"line":60,"column":29}},{"start":{"line":61,"column":12},"end":{"line":61,"column":52}}],"line":59},"6":{"loc":{"start":{"line":74,"column":12},"end":{"line":98,"column":13}},"type":"if","locations":[{"start":{"line":74,"column":12},"end":{"line":98,"column":13}},{"start":{"line":82,"column":12},"end":{"line":98,"column":13}}],"line":74},"7":{"loc":{"start":{"line":75,"column":16},"end":{"line":79,"column":44}},"type":"binary-expr","locations":[{"start":{"line":75,"column":16},"end":{"line":75,"column":41}},{"start":{"line":76,"column":16},"end":{"line":76,"column":41}},{"start":{"line":77,"column":16},"end":{"line":77,"column":42}},{"start":{"line":78,"column":16},"end":{"line":78,"column":41}},{"start":{"line":79,"column":16},"end":{"line":79,"column":44}}],"line":75},"8":{"loc":{"start":{"line":83,"column":16},"end":{"line":97,"column":68}},"type":"if","locations":[{"start":{"line":83,"column":16},"end":{"line":97,"column":68}},{"start":{"line":92,"column":21},"end":{"line":97,"column":68}}],"line":83},"9":{"loc":{"start":{"line":89,"column":24},"end":{"line":89,"column":83}},"type":"if","locations":[{"start":{"line":89,"column":24},"end":{"line":89,"column":83}},{"start":{},"end":{}}],"line":89},"10":{"loc":{"start":{"line":92,"column":21},"end":{"line":97,"column":68}},"type":"if","locations":[{"start":{"line":92,"column":21},"end":{"line":97,"column":68}},{"start":{"line":97,"column":21},"end":{"line":97,"column":68}}],"line":92},"11":{"loc":{"start":{"line":94,"column":20},"end":{"line":95,"column":38}},"type":"if","locations":[{"start":{"line":94,"column":20},"end":{"line":95,"column":38}},{"start":{"line":95,"column":25},"end":{"line":95,"column":38}}],"line":94},"12":{"loc":{"start":{"line":97,"column":21},"end":{"line":97,"column":68}},"type":"if","locations":[{"start":{"line":97,"column":21},"end":{"line":97,"column":68}},{"start":{},"end":{}}],"line":97},"13":{"loc":{"start":{"line":106,"column":8},"end":{"line":109,"column":9}},"type":"if","locations":[{"start":{"line":106,"column":8},"end":{"line":109,"column":9}},{"start":{},"end":{}}],"line":106},"14":{"loc":{"start":{"line":119,"column":8},"end":{"line":122,"column":9}},"type":"if","locations":[{"start":{"line":119,"column":8},"end":{"line":122,"column":9}},{"start":{},"end":{}}],"line":119},"15":{"loc":{"start":{"line":124,"column":8},"end":{"line":147,"column":47}},"type":"if","locations":[{"start":{"line":124,"column":8},"end":{"line":147,"column":47}},{"start":{"line":147,"column":13},"end":{"line":147,"column":47}}],"line":124},"16":{"loc":{"start":{"line":126,"column":12},"end":{"line":145,"column":13}},"type":"if","locations":[{"start":{"line":126,"column":12},"end":{"line":145,"column":13}},{"start":{"line":143,"column":12},"end":{"line":145,"column":13}}],"line":126},"17":{"loc":{"start":{"line":128,"column":16},"end":{"line":128,"column":57}},"type":"if","locations":[{"start":{"line":128,"column":16},"end":{"line":128,"column":57}},{"start":{},"end":{}}],"line":128},"18":{"loc":{"start":{"line":132,"column":20},"end":{"line":137,"column":21}},"type":"if","locations":[{"start":{"line":132,"column":20},"end":{"line":137,"column":21}},{"start":{},"end":{}}],"line":132},"19":{"loc":{"start":{"line":147,"column":13},"end":{"line":147,"column":47}},"type":"if","locations":[{"start":{"line":147,"column":13},"end":{"line":147,"column":47}},{"start":{},"end":{}}],"line":147},"20":{"loc":{"start":{"line":150,"column":8},"end":{"line":196,"column":9}},"type":"if","locations":[{"start":{"line":150,"column":8},"end":{"line":196,"column":9}},{"start":{},"end":{}}],"line":150},"21":{"loc":{"start":{"line":155,"column":12},"end":{"line":158,"column":13}},"type":"if","locations":[{"start":{"line":155,"column":12},"end":{"line":158,"column":13}},{"start":{},"end":{}}],"line":155},"22":{"loc":{"start":{"line":161,"column":12},"end":{"line":164,"column":13}},"type":"if","locations":[{"start":{"line":161,"column":12},"end":{"line":164,"column":13}},{"start":{},"end":{}}],"line":161},"23":{"loc":{"start":{"line":161,"column":16},"end":{"line":161,"column":56}},"type":"binary-expr","locations":[{"start":{"line":161,"column":16},"end":{"line":161,"column":34}},{"start":{"line":161,"column":38},"end":{"line":161,"column":56}}],"line":161},"24":{"loc":{"start":{"line":172,"column":20},"end":{"line":176,"column":21}},"type":"if","locations":[{"start":{"line":172,"column":20},"end":{"line":176,"column":21}},{"start":{},"end":{}}],"line":172},"25":{"loc":{"start":{"line":179,"column":16},"end":{"line":194,"column":17}},"type":"if","locations":[{"start":{"line":179,"column":16},"end":{"line":194,"column":17}},{"start":{"line":192,"column":16},"end":{"line":194,"column":17}}],"line":179},"26":{"loc":{"start":{"line":181,"column":20},"end":{"line":189,"column":38}},"type":"if","locations":[{"start":{"line":181,"column":20},"end":{"line":189,"column":38}},{"start":{"line":189,"column":25},"end":{"line":189,"column":38}}],"line":181},"27":{"loc":{"start":{"line":183,"column":24},"end":{"line":186,"column":25}},"type":"if","locations":[{"start":{"line":183,"column":24},"end":{"line":186,"column":25}},{"start":{},"end":{}}],"line":183},"28":{"loc":{"start":{"line":206,"column":8},"end":{"line":206,"column":64}},"type":"if","locations":[{"start":{"line":206,"column":8},"end":{"line":206,"column":64}},{"start":{},"end":{}}],"line":206},"29":{"loc":{"start":{"line":208,"column":8},"end":{"line":230,"column":9}},"type":"if","locations":[{"start":{"line":208,"column":8},"end":{"line":230,"column":9}},{"start":{},"end":{}}],"line":208},"30":{"loc":{"start":{"line":210,"column":12},"end":{"line":220,"column":13}},"type":"if","locations":[{"start":{"line":210,"column":12},"end":{"line":220,"column":13}},{"start":{},"end":{}}],"line":210},"31":{"loc":{"start":{"line":268,"column":99},"end":{"line":268,"column":146}},"type":"default-arg","locations":[{"start":{"line":268,"column":145},"end":{"line":268,"column":146}}],"line":268},"32":{"loc":{"start":{"line":343,"column":4},"end":{"line":346,"column":5}},"type":"if","locations":[{"start":{"line":343,"column":4},"end":{"line":346,"column":5}},{"start":{},"end":{}}],"line":343}},"s":{"0":0,"1":0,"2":6,"3":6,"4":0,"5":0,"6":0,"7":0,"8":0,"9":0,"10":0,"11":0,"12":0,"13":0,"14":0,"15":0,"16":0,"17":0,"18":0,"19":0,"20":0,"21":0,"22":0,"23":0,"24":0,"25":0,"26":0,"27":0,"28":0,"29":0,"30":0,"31":0,"32":0,"33":0,"34":0,"35":0,"36":0,"37":0,"38":0,"39":0,"40":0,"41":0,"42":0,"43":0,"44":0,"45":0,"46":0,"47":0,"48":0,"49":0,"50":0,"51":0,"52":0,"53":0,"54":0,"55":0,"56":0,"57":0,"58":0,"59":0,"60":0,"61":0,"62":0,"63":0,"64":0,"65":0,"66":0,"67":0,"68":0,"69":0,"70":0,"71":0,"72":0,"73":0,"74":0,"75":0,"76":0,"77":0,"78":0,"79":0,"80":0,"81":0,"82":0,"83":0,"84":1,"85":1,"86":1,"87":0,"88":0,"89":0,"90":0,"91":0,"92":0,"93":0,"94":0,"95":0,"96":0,"97":0,"98":0,"99":0,"100":0,"101":0,"102":0,"103":0,"104":0,"105":0},"f":{"0":0,"1":0,"2":0,"3":6,"4":0,"5":0,"6":0,"7":0,"8":0,"9":0,"10":0,"11":0,"12":0,"13":0,"14":0,"15":0,"16":0,"17":0,"18":0,"19":0,"20":0},"b":{"0":[0,0,0,0],"1":[2],"2":[6,3],"3":[2,1],"4":[0,0],"5":[0,0,0],"6":[0,0],"7":[0,0,0,0,0],"8":[0,0],"9":[0,0],"10":[0,0],"11":[0,0],"12":[0,0],"13":[0,0],"14":[0,0],"15":[0,0],"16":[0,0],"17":[0,0],"18":[0,0],"19":[0,0],"20":[0,0],"21":[0,0],"22":[0,0],"23":[0,0],"24":[0,0],"25":[0,0],"26":[0,0],"27":[0,0],"28":[0,0],"29":[0,0],"30":[0,0],"31":[0],"32":[0,0]},"_coverageSchema":"1a1c01bbd47fc00a2c39e90264f33305004495a9","hash":"d7f09cbab07cb51e2276739b8bffad7bf9d90a5d"}
}
