TN:
SF:src/errors/BasePlutsError.ts
FN:5,(anonymous_0)
FNF:1
FNH:1
FNDA:3,(anonymous_0)
DA:7,3
LF:1
LH:1
BRF:0
BRH:0
end_of_record
TN:
SF:src/errors/PlutsTypeError/index.ts
FN:5,(anonymous_0)
FNF:1
FNH:1
FNDA:3,(anonymous_0)
DA:7,3
LF:1
LH:1
BRF:0
BRH:0
end_of_record
TN:
SF:src/errors/PlutsTypeError/UInt64Error/index.ts
FN:5,(anonymous_0)
FNF:1
FNH:1
FNDA:3,(anonymous_0)
DA:7,3
LF:1
LH:1
BRF:0
BRH:0
end_of_record
TN:
SF:src/types/UInt64/index.ts
FN:11,(anonymous_0)
FN:23,(anonymous_1)
FN:28,(anonymous_2)
FN:33,(anonymous_3)
FN:40,(anonymous_4)
FN:48,(anonymous_5)
FN:132,(anonymous_6)
FN:143,(anonymous_7)
FN:175,(anonymous_8)
FN:180,(anonymous_9)
FN:185,(anonymous_10)
FN:190,(anonymous_11)
FN:205,(anonymous_12)
FN:210,(anonymous_13)
FN:227,(anonymous_14)
FN:232,(anonymous_15)
FN:237,(anonymous_16)
FN:242,(anonymous_17)
FNF:18
FNH:8
FNDA:7,(anonymous_0)
FNDA:3,(anonymous_1)
FNDA:8,(anonymous_2)
FNDA:5,(anonymous_3)
FNDA:0,(anonymous_4)
FNDA:4,(anonymous_5)
FNDA:2,(anonymous_6)
FNDA:1,(anonymous_7)
FNDA:0,(anonymous_8)
FNDA:0,(anonymous_9)
FNDA:0,(anonymous_10)
FNDA:2,(anonymous_11)
FNDA:0,(anonymous_12)
FNDA:0,(anonymous_13)
FNDA:0,(anonymous_14)
FNDA:0,(anonymous_15)
FNDA:0,(anonymous_16)
FNDA:0,(anonymous_17)
DA:4,1
DA:13,7
DA:16,5
DA:25,3
DA:30,8
DA:35,5
DA:37,5
DA:42,0
DA:44,0
DA:45,0
DA:50,4
DA:52,4
DA:54,4
DA:58,2
DA:60,2
DA:63,2
DA:65,2
DA:68,1
DA:70,1
DA:72,1
DA:76,0
DA:81,1
DA:86,0
DA:93,2
DA:96,2
DA:98,2
DA:102,1
DA:104,1
DA:108,0
DA:109,0
DA:114,1
DA:119,0
DA:123,2
DA:127,2
DA:129,2
DA:134,2
DA:136,2
DA:145,1
DA:147,1
DA:149,0
DA:150,0
DA:153,1
DA:155,1
DA:157,9
DA:160,1
DA:162,0
DA:168,1
DA:177,0
DA:182,0
DA:187,0
DA:192,2
DA:194,1
DA:201,1
DA:207,0
DA:212,0
DA:214,0
DA:215,0
DA:217,0
DA:219,0
DA:221,0
DA:224,0
DA:229,0
DA:234,0
DA:239,0
DA:244,0
LF:65
LH:39
BRDA:11,0,0,5
BRDA:13,1,0,0
BRDA:13,1,1,7
BRDA:40,2,0,0
BRDA:54,3,0,2
BRDA:54,3,1,2
BRDA:58,4,0,2
BRDA:58,4,1,0
BRDA:65,5,0,1
BRDA:65,5,1,1
BRDA:70,6,0,1
BRDA:70,6,1,0
BRDA:93,7,0,2
BRDA:93,7,1,0
BRDA:98,8,0,1
BRDA:98,8,1,1
BRDA:102,9,0,1
BRDA:102,9,1,0
BRDA:132,10,0,2
BRDA:147,11,0,0
BRDA:147,11,1,1
BRDA:160,12,0,0
BRDA:160,12,1,1
BRDA:192,13,0,1
BRDA:192,13,1,1
BRDA:234,14,0,0
BRDA:234,14,1,0
BRDA:244,15,0,0
BRDA:244,15,1,0
BRF:29
BRH:17
end_of_record
TN:
SF:src/utils/JsRuntime/index.ts
FN:11,(anonymous_0)
FN:13,(anonymous_1)
FN:29,(anonymous_2)
FN:36,(anonymous_3)
FN:39,(anonymous_4)
FN:48,(anonymous_5)
FN:57,(anonymous_6)
FN:66,(anonymous_7)
FN:69,(anonymous_8)
FN:74,(anonymous_9)
FN:79,(anonymous_10)
FN:85,(anonymous_11)
FN:94,(anonymous_12)
FNF:13
FNH:3
FNDA:0,(anonymous_0)
FNDA:0,(anonymous_1)
FNDA:0,(anonymous_2)
FNDA:3,(anonymous_3)
FNDA:0,(anonymous_4)
FNDA:0,(anonymous_5)
FNDA:0,(anonymous_6)
FNDA:4,(anonymous_7)
FNDA:12,(anonymous_8)
FNDA:0,(anonymous_9)
FNDA:0,(anonymous_10)
FNDA:0,(anonymous_11)
FNDA:0,(anonymous_12)
DA:15,0
DA:18,0
DA:19,0
DA:21,0
DA:23,0
DA:26,0
DA:31,0
DA:37,3
DA:41,0
DA:43,0
DA:45,0
DA:50,0
DA:52,0
DA:54,0
DA:59,0
DA:61,0
DA:63,0
DA:67,4
DA:69,12
DA:77,0
DA:79,0
DA:81,0
DA:83,0
DA:87,0
DA:91,0
DA:95,0
DA:96,0
DA:101,0
LF:28
LH:3
BRDA:15,0,0,0
BRDA:15,0,1,0
BRDA:18,1,0,0
BRDA:18,1,1,0
BRDA:21,2,0,0
BRDA:21,2,1,0
BRDA:41,3,0,0
BRDA:41,3,1,0
BRDA:41,4,0,0
BRDA:41,4,1,0
BRDA:50,5,0,0
BRDA:50,5,1,0
BRDA:50,6,0,0
BRDA:50,6,1,0
BRDA:59,7,0,0
BRDA:59,7,1,0
BRDA:59,8,0,0
BRDA:59,8,1,0
BRDA:69,9,0,12
BRDA:69,9,1,12
BRF:20
BRH:2
end_of_record
TN:
SF:src/utils/ObjectUtils/index.ts
FN:13,(anonymous_0)
FN:15,(anonymous_1)
FN:20,(anonymous_2)
FN:30,(anonymous_3)
FN:39,(anonymous_4)
FN:44,(anonymous_5)
FN:56,(anonymous_6)
FN:66,(anonymous_7)
FN:104,(anonymous_8)
FN:201,(anonymous_9)
FN:268,(anonymous_10)
FN:281,(anonymous_11)
FN:288,(anonymous_12)
FN:295,(anonymous_13)
FN:302,(anonymous_14)
FN:309,(anonymous_15)
FN:316,(anonymous_16)
FN:323,(anonymous_17)
FN:330,(anonymous_18)
FN:338,cloneFunc
FN:349,(anonymous_20)
FNF:21
FNH:1
FNDA:0,(anonymous_0)
FNDA:0,(anonymous_1)
FNDA:0,(anonymous_2)
FNDA:6,(anonymous_3)
FNDA:0,(anonymous_4)
FNDA:0,(anonymous_5)
FNDA:0,(anonymous_6)
FNDA:0,(anonymous_7)
FNDA:0,(anonymous_8)
FNDA:0,(anonymous_9)
FNDA:0,(anonymous_10)
FNDA:0,(anonymous_11)
FNDA:0,(anonymous_12)
FNDA:0,(anonymous_13)
FNDA:0,(anonymous_14)
FNDA:0,(anonymous_15)
FNDA:0,(anonymous_16)
FNDA:0,(anonymous_17)
FNDA:0,(anonymous_18)
FNDA:0,cloneFunc
FNDA:0,(anonymous_20)
DA:17,0
DA:22,0
DA:32,6
DA:33,6
DA:41,0
DA:46,0
DA:48,0
DA:50,0
DA:53,0
DA:58,0
DA:68,0
DA:70,0
DA:72,0
DA:74,0
DA:80,0
DA:83,0
DA:85,0
DA:89,0
DA:92,0
DA:94,0
DA:95,0
DA:97,0
DA:101,0
DA:106,0
DA:108,0
DA:119,0
DA:121,0
DA:124,0
DA:126,0
DA:128,0
DA:130,0
DA:132,0
DA:136,0
DA:140,0
DA:144,0
DA:147,0
DA:150,0
DA:152,0
DA:153,0
DA:155,0
DA:157,0
DA:161,0
DA:163,0
DA:166,0
DA:168,0
DA:170,0
DA:172,0
DA:174,0
DA:175,0
DA:179,0
DA:181,0
DA:183,0
DA:185,0
DA:187,0
DA:189,0
DA:193,0
DA:198,0
DA:206,0
DA:208,0
DA:210,0
DA:212,0
DA:214,0
DA:216,0
DA:219,0
DA:222,0
DA:224,0
DA:226,0
DA:229,0
DA:235,0
DA:238,1
DA:239,1
DA:240,1
DA:270,0
DA:283,0
DA:290,0
DA:297,0
DA:304,0
DA:311,0
DA:318,0
DA:325,0
DA:332,0
DA:340,0
DA:343,0
DA:345,0
DA:349,0
DA:351,0
DA:353,0
DA:357,0
DA:359,0
DA:361,0
LF:90
LH:5
BRDA:23,0,0,0
BRDA:23,0,1,0
BRDA:23,0,2,0
BRDA:23,0,3,0
BRDA:30,1,0,2
BRDA:34,2,0,6
BRDA:34,2,1,3
BRDA:35,3,0,2
BRDA:35,3,1,1
BRDA:50,4,0,0
BRDA:50,4,1,0
BRDA:59,5,0,0
BRDA:59,5,1,0
BRDA:59,5,2,0
BRDA:74,6,0,0
BRDA:74,6,1,0
BRDA:75,7,0,0
BRDA:75,7,1,0
BRDA:75,7,2,0
BRDA:75,7,3,0
BRDA:75,7,4,0
BRDA:83,8,0,0
BRDA:83,8,1,0
BRDA:89,9,0,0
BRDA:89,9,1,0
BRDA:92,10,0,0
BRDA:92,10,1,0
BRDA:94,11,0,0
BRDA:94,11,1,0
BRDA:97,12,0,0
BRDA:97,12,1,0
BRDA:106,13,0,0
BRDA:106,13,1,0
BRDA:119,14,0,0
BRDA:119,14,1,0
BRDA:124,15,0,0
BRDA:124,15,1,0
BRDA:126,16,0,0
BRDA:126,16,1,0
BRDA:128,17,0,0
BRDA:128,17,1,0
BRDA:132,18,0,0
BRDA:132,18,1,0
BRDA:147,19,0,0
BRDA:147,19,1,0
BRDA:150,20,0,0
BRDA:150,20,1,0
BRDA:155,21,0,0
BRDA:155,21,1,0
BRDA:161,22,0,0
BRDA:161,22,1,0
BRDA:161,23,0,0
BRDA:161,23,1,0
BRDA:172,24,0,0
BRDA:172,24,1,0
BRDA:179,25,0,0
BRDA:179,25,1,0
BRDA:181,26,0,0
BRDA:181,26,1,0
BRDA:183,27,0,0
BRDA:183,27,1,0
BRDA:206,28,0,0
BRDA:206,28,1,0
BRDA:208,29,0,0
BRDA:208,29,1,0
BRDA:210,30,0,0
BRDA:210,30,1,0
BRDA:268,31,0,0
BRDA:343,32,0,0
BRDA:343,32,1,0
BRF:70
BRH:5
end_of_record
